{"message":"No other player found","level":"info"}
{"message":"Set to canned game. The ??","level":"info"}
{"message":"Trying to pair player..","level":"info"}
{"message":"looking 0","level":"info"}
{"message":"Players were paired!::ffff:152.23.254.88, ::ffff:152.23.79.13","level":"info"}
{"message":"Players were paired!O4mrBW-eF3pyrDAd50HR, 97VoOFbqsAERsjtn50HQ","level":"info"}
{"message":"PNGNAME is images/PNGImages/COCO_train2014_000000267907_1.png and imageNumber is COCO_train2014_000000267907_1.jpg","level":"info"}
{"message":"2 100","level":"info"}
{"message":"2 101","level":"info"}
{"message":"No other player found","level":"info"}
{"message":"Set to canned game. The ??","level":"info"}
{"message":"Trying to pair player..","level":"info"}
{"message":"looking 0","level":"info"}
{"message":"Players were paired!::ffff:152.23.254.88, ::ffff:152.23.79.13","level":"info"}
{"message":"Players were paired!KRRXgKGIXNzII5yj50HT, O_t-B7-ri-TIw6ih50HS","level":"info"}
{"message":"PNGNAME is images/PNGImages/COCO_train2014_000000004032_2.png and imageNumber is COCO_train2014_000000004032_2.jpg","level":"info"}
{"message":"3 101","level":"info"}
{"message":"3 102","level":"info"}
{"message":"No other player found","level":"info"}
{"message":"Set to canned game. The ??","level":"info"}
{"message":"Trying to pair player..","level":"info"}
{"message":"looking 0","level":"info"}
{"message":"Players were paired!::ffff:152.23.254.88, ::ffff:152.23.79.13","level":"info"}
{"message":"Players were paired!bKMD0CMXlMxuHhRO9Wox, Jvi4PMfIj__1ou5q9Wow","level":"info"}
{"message":"No other player found","level":"info"}
{"message":"Set to canned game. The ??","level":"info"}
{"message":"No other player found","level":"info"}
{"message":"Set to canned game. The ??","level":"info"}
{"message":"Trying to pair player..","level":"info"}
{"message":"looking 0","level":"info"}
{"message":"Players were paired!::ffff:152.23.79.13, ::ffff:152.23.254.88","level":"info"}
{"message":"Players were paired!abvxCE28N77ThuAZ9Wo0, pHiLuxLMtQZXvZn69Woz","level":"info"}
{"message":"PNGNAME is PNGImages/COCO_train2014_000000267907_1.png and imageNumber is COCO_train2014_000000267907_1.jpg","level":"info"}
{"message":"2 100","level":"info"}
{"message":"2 101","level":"info"}
{"message":"PNGNAME is PNGImages/COCO_train2014_000000004032_2.png and imageNumber is COCO_train2014_000000004032_2.jpg","level":"info"}
{"message":"3 101","level":"info"}
{"message":"3 102","level":"info"}
{"message":"PNGNAME is PNGImages/COCO_train2014_000000568341_2.png and imageNumber is COCO_train2014_000000568341_2.jpg","level":"info"}
{"message":"4 102","level":"info"}
{"message":"4 103","level":"info"}
{"message":"PNGNAME is PNGImages/COCO_train2014_000000337689_1.png and imageNumber is COCO_train2014_000000337689_1.jpg","level":"info"}
{"message":"5 103","level":"info"}
{"message":"5 104","level":"info"}
{"message":"PNGNAME is PNGImages/COCO_train2014_000000214875_1.png and imageNumber is COCO_train2014_000000214875_1.jpg","level":"info"}
{"message":"6 104","level":"info"}
{"message":"6 105","level":"info"}
{"message":"PNGNAME is PNGImages/COCO_train2014_000000505020_3.png and imageNumber is COCO_train2014_000000505020_3.jpg","level":"info"}
{"message":"7 105","level":"info"}
{"message":"7 106","level":"info"}
{"message":"PNGNAME is PNGImages/COCO_train2014_000000525459_1.png and imageNumber is COCO_train2014_000000525459_1.jpg","level":"info"}
{"message":"8 106","level":"info"}
{"message":"8 107","level":"info"}
{"message":"No other player found","level":"info"}
{"message":"Set to canned game. The ??","level":"info"}
{"message":"Trying to pair player..","level":"info"}
{"message":"looking 0","level":"info"}
{"message":"Players were paired!::ffff:152.23.254.88, ::ffff:152.23.79.13","level":"info"}
{"message":"Players were paired!geeFvwXzYl8SauxU9Wo2, s3nV-Emmn0d6JN9p9Wo1","level":"info"}
{"message":"No other player found","level":"info"}
{"message":"Set to canned game. The ??","level":"info"}
{"message":"Trying to pair player..","level":"info"}
{"message":"looking 0","level":"info"}
{"message":"Players were paired!::ffff:152.23.79.13, ::ffff:152.23.254.88","level":"info"}
{"message":"Players were paired!cZcgNKfEp7EQHjfg9Wo4, AqgZzNtrBlxCGlLe9Wo3","level":"info"}
{"message":"PNGNAME is PNGImages/COCO_train2014_000000028870_7.png and imageNumber is COCO_train2014_000000028870_7.jpg","level":"info"}
{"message":"9 107","level":"info"}
{"message":"9 108","level":"info"}
{"message":"No other player found","level":"info"}
{"message":"Set to canned game. The ??","level":"info"}
{"message":"No other player found","level":"info"}
{"message":"Set to canned game. The ??","level":"info"}
{"message":"Trying to pair player..","level":"info"}
{"message":"looking 0","level":"info"}
{"message":"Players were paired!::ffff:152.23.79.13, ::ffff:152.23.254.88","level":"info"}
{"message":"Players were paired!OmUwVJ6CTObwPSvc9Wo7, 717dm8pWTmypXdT59Wo6","level":"info"}
{"message":"PNGNAME is PNGImages/COCO_train2014_000000260317_3.png and imageNumber is COCO_train2014_000000260317_3.jpg","level":"info"}
{"message":"10 108","level":"info"}
{"message":"10 109","level":"info"}
{"message":"PNGNAME is PNGImages/COCO_train2014_000000028953_15.png and imageNumber is COCO_train2014_000000028953_15.jpg","level":"info"}
{"message":"11 109","level":"info"}
{"message":"11 110","level":"info"}
{"message":"No other player found","level":"info"}
{"message":"Set to canned game. The ??","level":"info"}
{"message":"Trying to pair player..","level":"info"}
{"message":"looking 0","level":"info"}
{"message":"Players were paired!::ffff:152.23.254.88, ::ffff:152.23.79.13","level":"info"}
{"message":"Players were paired!9LO2C_sGd7ViA-gvAakE, RluvcCw1ygRbngjlAakD","level":"info"}
{"message":"No other player found","level":"info"}
{"message":"Set to canned game. The ??","level":"info"}
{"message":"Trying to pair player..","level":"info"}
{"message":"looking 0","level":"info"}
{"message":"Players were paired!::ffff:152.23.254.88, ::ffff:152.23.79.13","level":"info"}
{"message":"Players were paired!hPFIOnMKXORhqw0MAakG, 4mz-hGZZZtd3bma7AakF","level":"info"}
{"message":"PNGNAME is PNGImages/COCO_train2014_000000267907_1.png and imageNumber is COCO_train2014_000000267907_1.jpg","level":"info"}
{"message":"2 100","level":"info"}
{"message":"2 101","level":"info"}
{"errno":-2,"code":"ENOENT","syscall":"open","path":"PNGImages/COCO_train2014_000000267907_1.png","level":"error"}
{"message":"No other player found","level":"info"}
{"message":"Set to canned game. The ??","level":"info"}
{"message":"Trying to pair player..","level":"info"}
{"message":"looking 0","level":"info"}
{"message":"Players were paired!::ffff:152.23.79.13, ::ffff:152.23.254.88","level":"info"}
{"message":"Players were paired!EzSjGON8oHFzpGd3AakI, 0SzoWOPzafhGoveuAakH","level":"info"}
{"message":"PNGNAME is PNGImages/COCO_train2014_000000004032_2.png and imageNumber is COCO_train2014_000000004032_2.jpg","level":"info"}
{"message":"3 101","level":"info"}
{"message":"3 102","level":"info"}
{"message":"No other player found","level":"info"}
{"message":"Set to canned game. The ??","level":"info"}
{"message":"Trying to pair player..","level":"info"}
{"message":"looking 0","level":"info"}
{"message":"Players were paired!::ffff:152.23.79.13, ::ffff:152.23.254.88","level":"info"}
{"message":"Players were paired!Z-0Wd7tdFcMU6T9VA7NO, zjHX-HBZBIYgdn3aA7NN","level":"info"}
{"message":"PNGNAME is public/PNGImages/COCO_train2014_000000267907_1.png and imageNumber is COCO_train2014_000000267907_1.jpg","level":"info"}
{"message":"2 100","level":"info"}
{"message":"2 101","level":"info"}
{"message":"PNGNAME is public/PNGImages/COCO_train2014_000000004032_2.png and imageNumber is COCO_train2014_000000004032_2.jpg","level":"info"}
{"message":"3 101","level":"info"}
{"message":"3 102","level":"info"}
{"message":"PNGNAME is public/PNGImages/COCO_train2014_000000568341_2.png and imageNumber is COCO_train2014_000000568341_2.jpg","level":"info"}
{"message":"4 102","level":"info"}
{"message":"4 103","level":"info"}
{"message":"PNGNAME is public/PNGImages/COCO_train2014_000000337689_1.png and imageNumber is COCO_train2014_000000337689_1.jpg","level":"info"}
{"message":"5 103","level":"info"}
{"message":"5 104","level":"info"}
{"message":"No other player found","level":"info"}
{"message":"Set to canned game. The ??","level":"info"}
{"message":"No other player found","level":"info"}
{"message":"Set to canned game. The ??","level":"info"}
{"message":"No other player found","level":"info"}
{"message":"Set to canned game. The ??","level":"info"}
{"message":"Trying to pair player..","level":"info"}
{"message":"looking 0","level":"info"}
{"message":"Players were paired!::ffff:152.23.79.13, ::ffff:152.23.65.158","level":"info"}
{"message":"Players were paired!My2tXqdliRLSuEiKA7NS, Nd6-6JMmqAZyAXJ4A7NR","level":"info"}
{"message":"PNGNAME is public/PNGImages/COCO_train2014_000000214875_1.png and imageNumber is COCO_train2014_000000214875_1.jpg","level":"info"}
{"message":"6 104","level":"info"}
{"message":"6 105","level":"info"}
{"message":"PNGNAME is public/PNGImages/COCO_train2014_000000505020_3.png and imageNumber is COCO_train2014_000000505020_3.jpg","level":"info"}
{"message":"7 105","level":"info"}
{"message":"7 106","level":"info"}
{"message":"PNGNAME is public/PNGImages/COCO_train2014_000000525459_1.png and imageNumber is COCO_train2014_000000525459_1.jpg","level":"info"}
{"message":"8 106","level":"info"}
{"message":"8 107","level":"info"}
{"message":"No other player found","level":"info"}
{"message":"Set to canned game. The ??","level":"info"}
{"message":"No other player found","level":"info"}
{"message":"Set to canned game. The ??","level":"info"}
{"message":"Trying to pair player..","level":"info"}
{"message":"looking 0","level":"info"}
{"message":"Players were paired!::ffff:152.23.79.13, ::ffff:152.23.65.158","level":"info"}
{"message":"Players were paired!41E0bJ2yvC03NN3L8EwI, ALd7Q7DhE9aTit-Y8EwH","level":"info"}
{"message":"PNGNAME is public/PNGImages/COCO_train2014_000000267907_1.png and imageNumber is COCO_train2014_000000267907_1.jpg","level":"info"}
{"message":"2 100","level":"info"}
{"message":"2 101","level":"info"}
{"message":"No other player found","level":"info"}
{"message":"Set to canned game. The ??","level":"info"}
{"message":"Trying to pair player..","level":"info"}
{"message":"looking 0","level":"info"}
{"message":"Players were paired!::ffff:152.23.79.13, ::ffff:152.23.65.158","level":"info"}
{"message":"Players were paired!qW5aHC0cDktOlOJg8EwK, zJ75MidWg7LuasP88EwJ","level":"info"}
{"message":"PNGNAME is public/PNGImages/COCO_train2014_000000004032_2.png and imageNumber is COCO_train2014_000000004032_2.jpg","level":"info"}
{"message":"3 101","level":"info"}
{"message":"3 102","level":"info"}
{"message":"PNGNAME is public/PNGImages/COCO_train2014_000000568341_2.png and imageNumber is COCO_train2014_000000568341_2.jpg","level":"info"}
{"message":"4 102","level":"info"}
{"message":"4 103","level":"info"}
{"message":"No other player found","level":"info"}
{"message":"Set to canned game. The ??","level":"info"}
{"message":"Trying to pair player..","level":"info"}
{"message":"looking 0","level":"info"}
{"message":"Players were paired!::ffff:152.23.65.158, ::ffff:152.23.79.13","level":"info"}
{"message":"Players were paired!oMPANl-455YQetn38ZbI, eeF7BhxiK7vB61nf8ZbH","level":"info"}
{"message":"No other player found","level":"info"}
{"message":"Set to canned game. The ??","level":"info"}
{"message":"Trying to pair player..","level":"info"}
{"message":"looking 0","level":"info"}
{"message":"Players were paired!::ffff:152.23.65.158, ::ffff:152.23.79.13","level":"info"}
{"message":"Players were paired!NWbVA5_MAp01TjXx8ZbK, Rj6gBDzACjxAON1Z8ZbJ","level":"info"}
{"message":"PNGNAME is public/PNGImages/COCO_train2014_000000267907_1.png and imageNumber is COCO_train2014_000000267907_1.jpg","level":"info"}
{"message":"2 100","level":"info"}
{"message":"2 101","level":"info"}
{"message":"PNGNAME is public/PNGImages/COCO_train2014_000000004032_2.png and imageNumber is COCO_train2014_000000004032_2.jpg","level":"info"}
{"message":"3 101","level":"info"}
{"message":"3 102","level":"info"}
{"message":"No other player found","level":"info"}
{"message":"Set to canned game. The ??","level":"info"}
{"message":"Trying to pair player..","level":"info"}
{"message":"looking 0","level":"info"}
{"message":"Players were paired!::ffff:152.23.65.158, ::ffff:152.23.79.13","level":"info"}
{"message":"Players were paired!S9rXe1pW8qqLnOd-86Am, RynP0QSRrarv2Tm786Al","level":"info"}
{"message":"No other player found","level":"info"}
{"message":"Set to canned game. The ??","level":"info"}
{"message":"Trying to pair player..","level":"info"}
{"message":"looking 0","level":"info"}
{"message":"Players were paired!::ffff:152.23.65.158, ::ffff:152.23.79.13","level":"info"}
{"message":"Players were paired!wml7x5c01-5g5uex86Ao, FepQwiek5J9fzeTX86An","level":"info"}
{"message":"PNGNAME is public/PNGImages/COCO_train2014_000000267907_1.png and imageNumber is COCO_train2014_000000267907_1.jpg","level":"info"}
{"message":"2 100","level":"info"}
{"message":"2 101","level":"info"}
{"message":"PNGNAME is public/PNGImages/COCO_train2014_000000004032_2.png and imageNumber is COCO_train2014_000000004032_2.jpg","level":"info"}
{"message":"3 101","level":"info"}
{"message":"3 102","level":"info"}
{"message":"No other player found","level":"info"}
{"message":"Set to canned game. The ??","level":"info"}
{"message":"Trying to pair player..","level":"info"}
{"message":"looking 0","level":"info"}
{"message":"Players were paired!::ffff:152.23.65.158, ::ffff:152.23.79.13","level":"info"}
{"message":"Players were paired!U9kF3U1tVsSUVvab9ITN, fXsLMwCB8s64s5E39ITM","level":"info"}
{"message":"No other player found","level":"info"}
{"message":"Set to canned game. The ??","level":"info"}
{"message":"Trying to pair player..","level":"info"}
{"message":"looking 0","level":"info"}
{"message":"Players were paired!::ffff:152.23.65.158, ::ffff:152.23.79.13","level":"info"}
{"message":"Players were paired!LxgH7jtpr10S4W4e9ITP, gIcA6KY65MnGvicY9ITO","level":"info"}
{"message":"PNGNAME is public/PNGImages/COCO_train2014_000000267907_1.png and imageNumber is COCO_train2014_000000267907_1.jpg","level":"info"}
{"message":"2 100","level":"info"}
{"message":"2 101","level":"info"}
{"message":"PNGNAME is public/PNGImages/COCO_train2014_000000004032_2.png and imageNumber is COCO_train2014_000000004032_2.jpg","level":"info"}
{"message":"3 101","level":"info"}
{"message":"3 102","level":"info"}
{"message":"No other player found","level":"info"}
{"message":"Set to canned game. The ??","level":"info"}
{"message":"Trying to pair player..","level":"info"}
{"message":"looking 0","level":"info"}
{"message":"Players were paired!::ffff:152.23.79.13, ::ffff:152.23.65.158","level":"info"}
{"message":"Players were paired!cNJSUEJNU3MnAQLj9Yrr, 39y8bScApN8tUce29Yrq","level":"info"}
{"message":"No other player found","level":"info"}
{"message":"Set to canned game. The ??","level":"info"}
{"message":"Trying to pair player..","level":"info"}
{"message":"looking 0","level":"info"}
{"message":"Players were paired!::ffff:152.23.65.158, ::ffff:152.23.79.13","level":"info"}
{"message":"Players were paired!9d2x8Q6-NFRmT87G9Yrt, VKUDDGceGJftmTuA9Yrs","level":"info"}
{"message":"PNGNAME is public/PNGImages/COCO_train2014_000000267907_1.png and imageNumber is COCO_train2014_000000267907_1.jpg","level":"info"}
{"message":"2 100","level":"info"}
{"message":"2 101","level":"info"}
{"message":"PNGNAME is public/PNGImages/COCO_train2014_000000004032_2.png and imageNumber is COCO_train2014_000000004032_2.jpg","level":"info"}
{"message":"3 101","level":"info"}
{"message":"3 102","level":"info"}
{"message":"No other player found","level":"info"}
{"message":"Set to canned game. The ??","level":"info"}
{"message":"Trying to pair player..","level":"info"}
{"message":"looking 0","level":"info"}
{"message":"Players were paired!::ffff:152.23.65.158, ::ffff:152.23.79.13","level":"info"}
{"message":"Players were paired!leJAllZcQDJj8xMG9iOm, Bdt26CrJ7tRCBXMp9iOl","level":"info"}
{"message":"No other player found","level":"info"}
{"message":"Set to canned game. The ??","level":"info"}
{"message":"Trying to pair player..","level":"info"}
{"message":"looking 0","level":"info"}
{"message":"Players were paired!::ffff:152.23.79.13, ::ffff:152.23.65.158","level":"info"}
{"message":"Players were paired!6zxABML6c_x_ptAJ9iOo, 9Jm6_Q_rCtn3q98T9iOn","level":"info"}
{"message":"PNGNAME is public/PNGImages/COCO_train2014_000000267907_1.png and imageNumber is COCO_train2014_000000267907_1.jpg","level":"info"}
{"message":"2 100","level":"info"}
{"message":"2 101","level":"info"}
{"message":"No other player found","level":"info"}
{"message":"Set to canned game. The ??","level":"info"}
{"message":"No other player found","level":"info"}
{"message":"Set to canned game. The ??","level":"info"}
{"message":"Trying to pair player..","level":"info"}
{"message":"looking 0","level":"info"}
{"message":"Players were paired!::ffff:152.23.65.158, ::ffff:152.23.79.13","level":"info"}
{"message":"Players were paired!n258fym3rP7gmAJH9z0e, beWRzF2yf1PEC6gV9z0d","level":"info"}
{"message":"No other player found","level":"info"}
{"message":"Set to canned game. The ??","level":"info"}
{"message":"Trying to pair player..","level":"info"}
{"message":"looking 0","level":"info"}
{"message":"Players were paired!::ffff:152.23.79.13, ::ffff:152.23.65.158","level":"info"}
{"message":"Players were paired!LMizD8Kgtrnlxz_C9z0g, WKSUfWfm9G3f1yWg9z0f","level":"info"}
{"message":"PNGNAME is public/PNGImages/COCO_train2014_000000267907_1.png and imageNumber is COCO_train2014_000000267907_1.jpg","level":"info"}
{"message":"2 100","level":"info"}
{"message":"2 101","level":"info"}
{"message":"PNGNAME is public/PNGImages/COCO_train2014_000000004032_2.png and imageNumber is COCO_train2014_000000004032_2.jpg","level":"info"}
{"message":"3 101","level":"info"}
{"message":"3 102","level":"info"}
{"message":"No other player found","level":"info"}
{"message":"Set to canned game. The ??","level":"info"}
{"message":"Trying to pair player..","level":"info"}
{"message":"looking 0","level":"info"}
{"message":"Players were paired!::ffff:152.23.65.158, ::ffff:152.23.79.13","level":"info"}
{"message":"Players were paired!Ffji3-WzpPEFcdo_-HKk, Ca6L6uLtasUaOCyd-HKj","level":"info"}
{"message":"No other player found","level":"info"}
{"message":"Set to canned game. The ??","level":"info"}
{"message":"Trying to pair player..","level":"info"}
{"message":"looking 0","level":"info"}
{"message":"Players were paired!::ffff:152.23.79.13, ::ffff:152.23.65.158","level":"info"}
{"message":"Players were paired!RqwAAZWhjKq4ZSvt-HKm, m_vdhYKhT6iG2xPp-HKl","level":"info"}
{"message":"PNGNAME is public/PNGImages/COCO_train2014_000000267907_1.png and imageNumber is COCO_train2014_000000267907_1.jpg","level":"info"}
{"message":"2 100","level":"info"}
{"message":"2 101","level":"info"}
{"message":"PNGNAME is public/PNGImages/COCO_train2014_000000004032_2.png and imageNumber is COCO_train2014_000000004032_2.jpg","level":"info"}
{"message":"3 101","level":"info"}
{"message":"3 102","level":"info"}
{"message":"No other player found","level":"info"}
{"message":"Set to canned game. The ??","level":"info"}
{"message":"No other player found","level":"info"}
{"message":"Set to canned game. The ??","level":"info"}
{"message":"No other player found","level":"info"}
{"message":"Set to canned game. The ??","level":"info"}
{"message":"Trying to pair player..","level":"info"}
{"message":"looking 0","level":"info"}
{"message":"Players were paired!::ffff:152.23.79.13, ::ffff:152.23.65.158","level":"info"}
{"message":"Players were paired!cgzYqD0ssGVeUNCU-sp2, 6C5-x6Nza1sQVZ9i-sp1","level":"info"}
{"message":"PNGNAME is public/PNGImages/COCO_train2014_000000267907_1.png and imageNumber is COCO_train2014_000000267907_1.jpg","level":"info"}
{"message":"2 100","level":"info"}
{"message":"2 101","level":"info"}
{"message":"PNGNAME is public/PNGImages/COCO_train2014_000000004032_2.png and imageNumber is COCO_train2014_000000004032_2.jpg","level":"info"}
{"message":"3 101","level":"info"}
{"message":"3 102","level":"info"}
{"message":"No other player found","level":"info"}
{"message":"Set to canned game. The ??","level":"info"}
{"message":"No other player found","level":"info"}
{"message":"Set to canned game. The ??","level":"info"}
{"message":"No other player found","level":"info"}
{"message":"Set to canned game. The ??","level":"info"}
{"message":"Trying to pair player..","level":"info"}
{"message":"looking 0","level":"info"}
{"message":"Players were paired!::ffff:152.23.79.13, ::ffff:152.23.65.158","level":"info"}
{"message":"Players were paired!LJq3Xj45G8Ti9S-b-sp6, nMbMg2YgfeJ9nyjV-sp5","level":"info"}
{"message":"PNGNAME is public/PNGImages/COCO_train2014_000000568341_2.png and imageNumber is COCO_train2014_000000568341_2.jpg","level":"info"}
{"message":"4 102","level":"info"}
{"message":"4 103","level":"info"}
{"message":"PNGNAME is public/PNGImages/COCO_train2014_000000337689_1.png and imageNumber is COCO_train2014_000000337689_1.jpg","level":"info"}
{"message":"5 103","level":"info"}
{"message":"5 104","level":"info"}
{"message":"PNGNAME is public/PNGImages/COCO_train2014_000000214875_1.png and imageNumber is COCO_train2014_000000214875_1.jpg","level":"info"}
{"message":"6 104","level":"info"}
{"message":"6 105","level":"info"}
{"message":"No other player found","level":"info"}
{"message":"Set to canned game. The ??","level":"info"}
{"message":"No other player found","level":"info"}
{"message":"Set to canned game. The ??","level":"info"}
{"message":"No other player found","level":"info"}
{"message":"Set to canned game. The ??","level":"info"}
{"message":"Trying to pair player..","level":"info"}
{"message":"looking 0","level":"info"}
{"message":"Players were paired!::ffff:152.23.79.13, ::ffff:152.23.65.158","level":"info"}
{"message":"Players were paired!8d75iS_ieRasJYIH_1iR, w9E_A9h8Kdqu03VJ_1iQ","level":"info"}
{"message":"PNGNAME is public/PNGImages/COCO_train2014_000000267907_1.png and imageNumber is COCO_train2014_000000267907_1.jpg","level":"info"}
{"message":"2 100","level":"info"}
{"message":"2 101","level":"info"}
{"message":"No other player found","level":"info"}
{"message":"Set to canned game. The ??","level":"info"}
{"message":"Trying to pair player..","level":"info"}
{"message":"looking 0","level":"info"}
{"message":"Players were paired!::ffff:152.23.65.158, ::ffff:152.23.79.13","level":"info"}
{"message":"Players were paired!O0RhBG4pxiZB-zzZABuy, TQKOLdTsbCCIfLhCABux","level":"info"}
{"message":"No other player found","level":"info"}
{"message":"Set to canned game. The ??","level":"info"}
{"message":"Trying to pair player..","level":"info"}
{"message":"looking 0","level":"info"}
{"message":"Players were paired!::ffff:152.23.65.158, ::ffff:152.23.79.13","level":"info"}
{"message":"Players were paired!-pvzh0st6di0QsUJABu0, E4ZXPhrSVFCfua70ABuz","level":"info"}
{"message":"PNGNAME is public/PNGImages/COCO_train2014_000000267907_1.png and imageNumber is COCO_train2014_000000267907_1.jpg","level":"info"}
{"message":"2 100","level":"info"}
{"message":"2 101","level":"info"}
{"message":"PNGNAME is public/PNGImages/COCO_train2014_000000004032_2.png and imageNumber is COCO_train2014_000000004032_2.jpg","level":"info"}
{"message":"3 101","level":"info"}
{"message":"3 102","level":"info"}
{"message":"PNGNAME is public/PNGImages/COCO_train2014_000000568341_2.png and imageNumber is COCO_train2014_000000568341_2.jpg","level":"info"}
{"message":"4 102","level":"info"}
{"message":"4 103","level":"info"}
{"message":"PNGNAME is public/PNGImages/COCO_train2014_000000337689_1.png and imageNumber is COCO_train2014_000000337689_1.jpg","level":"info"}
{"message":"5 103","level":"info"}
{"message":"5 104","level":"info"}
{"message":"PNGNAME is public/PNGImages/COCO_train2014_000000214875_1.png and imageNumber is COCO_train2014_000000214875_1.jpg","level":"info"}
{"message":"6 104","level":"info"}
{"message":"6 105","level":"info"}
{"message":"PNGNAME is public/PNGImages/COCO_train2014_000000505020_3.png and imageNumber is COCO_train2014_000000505020_3.jpg","level":"info"}
{"message":"7 105","level":"info"}
{"message":"7 106","level":"info"}
{"message":"No other player found","level":"info"}
{"message":"Set to canned game. The ??","level":"info"}
{"message":"Trying to pair player..","level":"info"}
{"message":"looking 0","level":"info"}
{"message":"Players were paired!::ffff:152.23.65.158, ::ffff:152.23.79.13","level":"info"}
{"message":"Players were paired!O1P0rNiKiXUrgQfsAksB, Fv5YVcy6ID1KiDH5AksA","level":"info"}
{"message":"PNGNAME is public/PNGImages/COCO_train2014_000000267907_1.png and imageNumber is COCO_train2014_000000267907_1.jpg","level":"info"}
{"message":"2 100","level":"info"}
{"message":"2 101","level":"info"}
{"message":"PNGNAME is public/PNGImages/COCO_train2014_000000004032_2.png and imageNumber is COCO_train2014_000000004032_2.jpg","level":"info"}
{"message":"3 101","level":"info"}
{"message":"3 102","level":"info"}
{"message":"PNGNAME is public/PNGImages/COCO_train2014_000000568341_2.png and imageNumber is COCO_train2014_000000568341_2.jpg","level":"info"}
{"message":"4 102","level":"info"}
{"message":"4 103","level":"info"}
{"message":"PNGNAME is public/PNGImages/COCO_train2014_000000337689_1.png and imageNumber is COCO_train2014_000000337689_1.jpg","level":"info"}
{"message":"5 103","level":"info"}
{"message":"5 104","level":"info"}
{"message":"No other player found","level":"info"}
{"message":"Set to canned game. The ??","level":"info"}
{"message":"Trying to pair player..","level":"info"}
{"message":"looking 0","level":"info"}
{"message":"Players were paired!::ffff:152.23.65.158, ::ffff:152.23.79.13","level":"info"}
{"message":"Players were paired!kFhdhh6SJn1WM3pOAxdP, swiIUF0W6qOG2OxOAxdO","level":"info"}
{"message":"No other player found","level":"info"}
{"message":"Set to canned game. The ??","level":"info"}
{"message":"Trying to pair player..","level":"info"}
{"message":"looking 0","level":"info"}
{"message":"Players were paired!::ffff:152.23.79.13, ::ffff:152.23.65.158","level":"info"}
{"message":"Players were paired!-dOF0fSp5rixcOIRAxdR, APW2dizua6IagQ5BAxdQ","level":"info"}
{"message":"PNGNAME is public/PNGImages/COCO_train2014_000000267907_1.png and imageNumber is COCO_train2014_000000267907_1.jpg","level":"info"}
{"message":"2 100","level":"info"}
{"message":"2 101","level":"info"}
{"message":"PNGNAME is public/PNGImages/COCO_train2014_000000004032_2.png and imageNumber is COCO_train2014_000000004032_2.jpg","level":"info"}
{"message":"3 101","level":"info"}
{"message":"3 102","level":"info"}
{"message":"No other player found","level":"info"}
{"message":"Set to canned game. The ??","level":"info"}
{"message":"Trying to pair player..","level":"info"}
{"message":"looking 0","level":"info"}
{"message":"Players were paired!::ffff:152.23.79.13, ::ffff:152.23.65.158","level":"info"}
{"message":"Players were paired!JDWkaXwmkh3oi_eSBAbV, yMMnPt43uir_GVGhBAbU","level":"info"}
{"message":"No other player found","level":"info"}
{"message":"Set to canned game. The ??","level":"info"}
{"message":"Trying to pair player..","level":"info"}
{"message":"looking 0","level":"info"}
{"message":"Players were paired!::ffff:152.23.79.13, ::ffff:152.23.65.158","level":"info"}
{"message":"Players were paired!leb3wqzcyKeKih2iBAbX, e7x2Medo13iJ5xrjBAbW","level":"info"}
{"message":"PNGNAME is public/PNGImages/COCO_train2014_000000267907_1.png and imageNumber is COCO_train2014_000000267907_1.jpg","level":"info"}
{"message":"2 100","level":"info"}
{"message":"2 101","level":"info"}
{"message":"PNGNAME is public/PNGImages/COCO_train2014_000000004032_2.png and imageNumber is COCO_train2014_000000004032_2.jpg","level":"info"}
{"message":"3 101","level":"info"}
{"message":"3 102","level":"info"}
{"message":"PNGNAME is public/PNGImages/COCO_train2014_000000568341_2.png and imageNumber is COCO_train2014_000000568341_2.jpg","level":"info"}
{"message":"4 102","level":"info"}
{"message":"4 103","level":"info"}
{"message":"No other player found","level":"info"}
{"message":"Set to canned game. The ??","level":"info"}
{"message":"No other player found","level":"info"}
{"message":"Set to canned game. The ??","level":"info"}
{"message":"Trying to pair player..","level":"info"}
{"message":"looking 0","level":"info"}
{"message":"Players were paired!::ffff:152.23.79.13, ::ffff:152.23.65.158","level":"info"}
{"message":"Players were paired!pYrT1wWKQ-T3G06gBpDl, psRVCrhnK8rC7X6LBpDk","level":"info"}
{"message":"PNGNAME is public/PNGImages/COCO_train2014_000000267907_1.png and imageNumber is COCO_train2014_000000267907_1.jpg","level":"info"}
{"message":"2 100","level":"info"}
{"message":"2 101","level":"info"}
{"message":"PNGNAME is public/PNGImages/COCO_train2014_000000004032_2.png and imageNumber is COCO_train2014_000000004032_2.jpg","level":"info"}
{"message":"3 101","level":"info"}
{"message":"3 102","level":"info"}
{"message":"No other player found","level":"info"}
{"message":"Set to canned game. The ??","level":"info"}
{"message":"No other player found","level":"info"}
{"message":"Set to canned game. The ??","level":"info"}
{"message":"No other player found","level":"info"}
{"message":"Set to canned game. The ??","level":"info"}
{"message":"Trying to pair player..","level":"info"}
{"message":"looking 0","level":"info"}
{"message":"Players were paired!::ffff:152.23.79.13, ::ffff:152.23.65.158","level":"info"}
{"message":"Players were paired!MMWrUeLH_XaZnhqBCRCX, h7498P2LWFrem09hCRCW","level":"info"}
{"message":"PNGNAME is public/PNGImages/COCO_train2014_000000267907_1.png and imageNumber is COCO_train2014_000000267907_1.jpg","level":"info"}
{"message":"2 100","level":"info"}
{"message":"2 101","level":"info"}
{"message":"PNGNAME is public/PNGImages/COCO_train2014_000000004032_2.png and imageNumber is COCO_train2014_000000004032_2.jpg","level":"info"}
{"message":"3 101","level":"info"}
{"message":"3 102","level":"info"}
{"message":"No other player found","level":"info"}
{"message":"Set to canned game. The ??","level":"info"}
{"message":"Trying to pair player..","level":"info"}
{"message":"looking 0","level":"info"}
{"message":"Players were paired!::ffff:152.23.79.13, ::ffff:152.23.65.158","level":"info"}
{"message":"Players were paired!xps9TqWXtj0-imzuCZPR, GwH5aPAxkaUgCUKqCZPS","level":"info"}
{"message":"No other player found","level":"info"}
{"message":"Set to canned game. The ??","level":"info"}
{"message":"Trying to pair player..","level":"info"}
{"message":"looking 0","level":"info"}
{"message":"Players were paired!::ffff:152.23.65.158, ::ffff:152.23.79.13","level":"info"}
{"message":"Players were paired!6-QwCL2FQhTjBJazCZPU, g4fqBYG9YrNIU8YFCZPT","level":"info"}
{"message":"PNGNAME is public/PNGImages/COCO_train2014_000000267907_1.png and imageNumber is COCO_train2014_000000267907_1.jpg","level":"info"}
{"message":"2 100","level":"info"}
{"message":"2 101","level":"info"}
{"message":"No other player found","level":"info"}
{"message":"Set to canned game. The ??","level":"info"}
{"message":"Trying to pair player..","level":"info"}
{"message":"looking 0","level":"info"}
{"message":"Players were paired!::ffff:152.23.65.158, ::ffff:152.23.79.13","level":"info"}
{"message":"Players were paired!fRn0PPkPt9cizGn1Clnh, d_yePlsi64k0wS5dClng","level":"info"}
{"message":"No other player found","level":"info"}
{"message":"Set to canned game. The ??","level":"info"}
{"message":"Trying to pair player..","level":"info"}
{"message":"looking 0","level":"info"}
{"message":"Players were paired!::ffff:152.23.65.158, ::ffff:152.23.79.13","level":"info"}
{"message":"Players were paired!w62RQe0S4dkPrDcuClnj, 9MrMie-5t8FNsPYDClni","level":"info"}
{"message":"PNGNAME is public/PNGImages/COCO_train2014_000000267907_1.png and imageNumber is COCO_train2014_000000267907_1.jpg","level":"info"}
{"message":"2 100","level":"info"}
{"message":"2 101","level":"info"}
{"message":"PNGNAME is public/PNGImages/COCO_train2014_000000004032_2.png and imageNumber is COCO_train2014_000000004032_2.jpg","level":"info"}
{"message":"3 101","level":"info"}
{"message":"3 102","level":"info"}
{"message":"No other player found","level":"info"}
{"message":"Set to canned game. The ??","level":"info"}
{"message":"Trying to pair player..","level":"info"}
{"message":"looking 0","level":"info"}
{"message":"Players were paired!::ffff:152.23.65.158, ::ffff:152.23.79.13","level":"info"}
{"message":"Players were paired!3FWi5Hrz7-2-B3ISC1EH, TeUtmmlmh9Z3kY2fC1EG","level":"info"}
{"message":"No other player found","level":"info"}
{"message":"Set to canned game. The ??","level":"info"}
{"message":"Trying to pair player..","level":"info"}
{"message":"looking 0","level":"info"}
{"message":"Players were paired!::ffff:152.23.79.13, ::ffff:152.23.65.158","level":"info"}
{"message":"Players were paired!fGwwSajlD4XZxSCvC1EJ, GxOnEp2nMQ6reyZBC1EI","level":"info"}
{"message":"PNGNAME is public/PNGImages/COCO_train2014_000000267907_1.png and imageNumber is COCO_train2014_000000267907_1.jpg","level":"info"}
{"message":"2 100","level":"info"}
{"message":"2 101","level":"info"}
{"message":"PNGNAME is public/PNGImages/COCO_train2014_000000004032_2.png and imageNumber is COCO_train2014_000000004032_2.jpg","level":"info"}
{"message":"3 101","level":"info"}
{"message":"3 102","level":"info"}
{"message":"PNGNAME is public/PNGImages/COCO_train2014_000000568341_2.png and imageNumber is COCO_train2014_000000568341_2.jpg","level":"info"}
{"message":"4 102","level":"info"}
{"message":"4 103","level":"info"}
{"message":"PNGNAME is public/PNGImages/COCO_train2014_000000337689_1.png and imageNumber is COCO_train2014_000000337689_1.jpg","level":"info"}
{"message":"5 103","level":"info"}
{"message":"5 104","level":"info"}
{"message":"PNGNAME is public/PNGImages/COCO_train2014_000000214875_1.png and imageNumber is COCO_train2014_000000214875_1.jpg","level":"info"}
{"message":"6 104","level":"info"}
{"message":"6 105","level":"info"}
{"message":"PNGNAME is public/PNGImages/COCO_train2014_000000505020_3.png and imageNumber is COCO_train2014_000000505020_3.jpg","level":"info"}
{"message":"7 105","level":"info"}
{"message":"7 106","level":"info"}
{"message":"PNGNAME is public/PNGImages/COCO_train2014_000000525459_1.png and imageNumber is COCO_train2014_000000525459_1.jpg","level":"info"}
{"message":"8 106","level":"info"}
{"message":"8 107","level":"info"}
{"message":"No other player found","level":"info"}
{"message":"Set to canned game. The ??","level":"info"}
{"message":"No other player found","level":"info"}
{"message":"Set to canned game. The ??","level":"info"}
{"message":"No other player found","level":"info"}
{"message":"Set to canned game. The ??","level":"info"}
{"message":"No other player found","level":"info"}
{"message":"Set to canned game.","level":"info"}
{"message":"Trying to pair player..","level":"info"}
{"message":"looking 0","level":"info"}
{"message":"Players were paired!::ffff:152.23.79.13, ::ffff:152.23.65.158","level":"info"}
{"message":"Players were paired!bAzTt37ZJG2akZTbw8bf, kusrJdo1j-ArkWtuw8be","level":"info"}
{"message":"PNGNAME is public/PNGImages/COCO_train2014_000000267907_1.png and imageNumber is COCO_train2014_000000267907_1.jpg","level":"info"}
{"message":"2 100","level":"info"}
{"message":"2 101","level":"info"}
{"message":"PNGNAME is public/PNGImages/COCO_train2014_000000004032_2.png and imageNumber is COCO_train2014_000000004032_2.jpg","level":"info"}
{"message":"3 101","level":"info"}
{"message":"3 102","level":"info"}
{"message":"No other player found","level":"info"}
{"message":"Set to canned game.","level":"info"}
{"message":"Trying to pair player..","level":"info"}
{"message":"looking 0","level":"info"}
{"message":"Players were paired!::ffff:152.23.79.13, ::ffff:152.23.65.158","level":"info"}
{"message":"Players were paired!NlME6q41XUQsu-ngxKw3, AlQmbUpRfostNJLNxKw4","level":"info"}
{"message":"No other player found","level":"info"}
{"message":"Set to canned game.","level":"info"}
{"message":"Trying to pair player..","level":"info"}
{"message":"looking 0","level":"info"}
{"message":"Players were paired!::ffff:152.23.79.13, ::ffff:152.23.65.158","level":"info"}
{"message":"Players were paired!guIINouj_AdDspRexKw6, cyWKJpY6MW1TuUC1xKw5","level":"info"}
{"message":"PNGNAME is public/PNGImages/COCO_train2014_000000267907_1.png and imageNumber is COCO_train2014_000000267907_1.jpg","level":"info"}
{"message":"2 100","level":"info"}
{"message":"2 101","level":"info"}
{"message":"PNGNAME is public/PNGImages/COCO_train2014_000000004032_2.png and imageNumber is COCO_train2014_000000004032_2.jpg","level":"info"}
{"message":"3 101","level":"info"}
{"message":"3 102","level":"info"}
{"message":"PNGNAME is public/PNGImages/COCO_train2014_000000568341_2.png and imageNumber is COCO_train2014_000000568341_2.jpg","level":"info"}
{"message":"4 102","level":"info"}
{"message":"4 103","level":"info"}
{"message":"PNGNAME is public/PNGImages/COCO_train2014_000000337689_1.png and imageNumber is COCO_train2014_000000337689_1.jpg","level":"info"}
{"message":"5 103","level":"info"}
{"message":"5 104","level":"info"}
{"message":"PNGNAME is public/PNGImages/COCO_train2014_000000214875_1.png and imageNumber is COCO_train2014_000000214875_1.jpg","level":"info"}
{"message":"6 104","level":"info"}
{"message":"6 105","level":"info"}
{"message":"PNGNAME is public/PNGImages/COCO_train2014_000000505020_3.png and imageNumber is COCO_train2014_000000505020_3.jpg","level":"info"}
{"message":"7 105","level":"info"}
{"message":"7 106","level":"info"}
{"message":"PNGNAME is public/PNGImages/COCO_train2014_000000525459_1.png and imageNumber is COCO_train2014_000000525459_1.jpg","level":"info"}
{"message":"8 106","level":"info"}
{"message":"8 107","level":"info"}
{"message":"PNGNAME is public/PNGImages/COCO_train2014_000000028870_7.png and imageNumber is COCO_train2014_000000028870_7.jpg","level":"info"}
{"message":"9 107","level":"info"}
{"message":"9 108","level":"info"}
{"message":"PNGNAME is public/PNGImages/COCO_train2014_000000260317_3.png and imageNumber is COCO_train2014_000000260317_3.jpg","level":"info"}
{"message":"10 108","level":"info"}
{"message":"10 109","level":"info"}
{"message":"PNGNAME is public/PNGImages/COCO_train2014_000000028953_15.png and imageNumber is COCO_train2014_000000028953_15.jpg","level":"info"}
{"message":"11 109","level":"info"}
{"message":"11 110","level":"info"}
{"message":"PNGNAME is public/PNGImages/COCO_train2014_000000310865_26.png and imageNumber is COCO_train2014_000000310865_26.jpg","level":"info"}
{"message":"12 110","level":"info"}
{"message":"12 111","level":"info"}
{"message":"No other player found","level":"info"}
{"message":"Set to canned game.","level":"info"}
{"message":"PNGNAME is public/PNGImages/COCO_train2014_000000267907_1.png and imageNumber is COCO_train2014_000000267907_1.jpg","level":"info"}
{"message":"2 100","level":"info"}
{"message":"2 101","level":"info"}
{"message":"Trying to pair player..","level":"info"}
{"message":"looking 0","level":"info"}
{"message":"Players were paired!::ffff:152.23.65.158, ::ffff:152.23.79.13","level":"info"}
{"message":"Players were paired!FTVp4oTIYlZs2F-7xlsE, MasjFRAiIJyl6T9NxlsD","level":"info"}
{"message":"No other player found","level":"info"}
{"message":"Set to canned game.","level":"info"}
{"message":"No other player found","level":"info"}
{"message":"Set to canned game.","level":"info"}
{"message":"No other player found","level":"info"}
{"message":"Set to canned game.","level":"info"}
{"message":"No other player found","level":"info"}
{"message":"Set to canned game.","level":"info"}
{"message":"No other player found","level":"info"}
{"message":"Set to canned game.","level":"info"}
{"message":"No other player found","level":"info"}
{"message":"Set to canned game.","level":"info"}
{"message":"No other player found","level":"info"}
{"message":"Set to canned game.","level":"info"}
{"message":"No other player found","level":"info"}
{"message":"Set to canned game.","level":"info"}
{"message":"Trying to pair player..","level":"info"}
{"message":"looking 0","level":"info"}
{"message":"Players were paired!::ffff:152.23.65.158, ::ffff:152.23.79.13","level":"info"}
{"message":"Players were paired!rQFtz5Hcy6dUMRvU1NOF, EKO8gXQZoI1dMM6j1NOE","level":"info"}
{"message":"PNGNAME is public/PNGImages/COCO_train2014_000000267907_1.png and imageNumber is COCO_train2014_000000267907_1.jpg","level":"info"}
{"message":"2 101","level":"info"}
{"message":"2 102","level":"info"}
{"message":"PNGNAME is public/PNGImages/COCO_train2014_000000004032_2.png and imageNumber is COCO_train2014_000000004032_2.jpg","level":"info"}
{"message":"3 102","level":"info"}
{"message":"3 103","level":"info"}
{"message":"PNGNAME is public/PNGImages/COCO_train2014_000000568341_2.png and imageNumber is COCO_train2014_000000568341_2.jpg","level":"info"}
{"message":"4 103","level":"info"}
{"message":"4 104","level":"info"}
{"message":"PNGNAME is public/PNGImages/COCO_train2014_000000337689_1.png and imageNumber is COCO_train2014_000000337689_1.jpg","level":"info"}
{"message":"5 104","level":"info"}
{"message":"5 105","level":"info"}
{"message":"PNGNAME is public/PNGImages/COCO_train2014_000000214875_1.png and imageNumber is COCO_train2014_000000214875_1.jpg","level":"info"}
{"message":"6 105","level":"info"}
{"message":"6 106","level":"info"}
{"message":"No other player found","level":"info"}
{"message":"Set to canned game.","level":"info"}
{"message":"No other player found","level":"info"}
{"message":"Set to canned game.","level":"info"}
{"message":"No other player found","level":"info"}
{"message":"Set to canned game.","level":"info"}
{"message":"No other player found","level":"info"}
{"message":"Set to canned game.","level":"info"}
{"message":"No other player found","level":"info"}
{"message":"Set to canned game.","level":"info"}
{"message":"Trying to pair player..","level":"info"}
{"message":"looking 0","level":"info"}
{"message":"Players were paired!::ffff:152.23.65.158, ::ffff:152.23.79.13","level":"info"}
{"message":"Players were paired!vUcFSgPb7JPlksdA2VAS, KCZpXoRCSIc41jTq2VAR","level":"info"}
{"message":"PNGNAME is public/PNGImages/COCO_train2014_000000267907_1.png and imageNumber is COCO_train2014_000000267907_1.jpg","level":"info"}
{"message":"2 102","level":"info"}
{"message":"2 103","level":"info"}
{"message":"PNGNAME is public/PNGImages/COCO_train2014_000000004032_2.png and imageNumber is COCO_train2014_000000004032_2.jpg","level":"info"}
{"message":"3 103","level":"info"}
{"message":"3 104","level":"info"}
{"message":"PNGNAME is public/PNGImages/COCO_train2014_000000568341_2.png and imageNumber is COCO_train2014_000000568341_2.jpg","level":"info"}
{"message":"4 104","level":"info"}
{"message":"4 105","level":"info"}
{"message":"PNGNAME is public/PNGImages/COCO_train2014_000000337689_1.png and imageNumber is COCO_train2014_000000337689_1.jpg","level":"info"}
{"message":"5 105","level":"info"}
{"message":"5 106","level":"info"}
{"message":"PNGNAME is public/PNGImages/COCO_train2014_000000214875_1.png and imageNumber is COCO_train2014_000000214875_1.jpg","level":"info"}
{"message":"6 106","level":"info"}
{"message":"6 107","level":"info"}
{"message":"PNGNAME is public/PNGImages/COCO_train2014_000000505020_3.png and imageNumber is COCO_train2014_000000505020_3.jpg","level":"info"}
{"message":"7 107","level":"info"}
{"message":"7 108","level":"info"}
{"message":"PNGNAME is public/PNGImages/COCO_train2014_000000525459_1.png and imageNumber is COCO_train2014_000000525459_1.jpg","level":"info"}
{"message":"8 108","level":"info"}
{"message":"8 109","level":"info"}
{"message":"No other player found","level":"info"}
{"message":"Set to canned game.","level":"info"}
